62495 execve("./server", ["./server", "15001"], 0x7fff09710750 /* 59 vars */) = 0
62495 brk(NULL)                         = 0x6081d125d000
62495 mmap(NULL, 8192, PROT_READ|PROT_WRITE, MAP_PRIVATE|MAP_ANONYMOUS, -1, 0) = 0x7990fd591000
62495 access("/etc/ld.so.preload", R_OK) = -1 ENOENT (Нет такого файла или каталога)
62495 openat(AT_FDCWD, "/etc/ld.so.cache", O_RDONLY|O_CLOEXEC) = 3
62495 fstat(3, {st_mode=S_IFREG|0644, st_size=110815, ...}) = 0
62495 mmap(NULL, 110815, PROT_READ, MAP_PRIVATE, 3, 0) = 0x7990fd575000
62495 close(3)                          = 0
62495 openat(AT_FDCWD, "/lib/x86_64-linux-gnu/libstdc++.so.6", O_RDONLY|O_CLOEXEC) = 3
62495 read(3, "\177ELF\2\1\1\3\0\0\0\0\0\0\0\0\3\0>\0\1\0\0\0\0\0\0\0\0\0\0\0"..., 832) = 832
62495 fstat(3, {st_mode=S_IFREG|0644, st_size=2592224, ...}) = 0
62495 mmap(NULL, 2609472, PROT_READ, MAP_PRIVATE|MAP_DENYWRITE, 3, 0) = 0x7990fd200000
62495 mmap(0x7990fd29d000, 1343488, PROT_READ|PROT_EXEC, MAP_PRIVATE|MAP_FIXED|MAP_DENYWRITE, 3, 0x9d000) = 0x7990fd29d000
62495 mmap(0x7990fd3e5000, 552960, PROT_READ, MAP_PRIVATE|MAP_FIXED|MAP_DENYWRITE, 3, 0x1e5000) = 0x7990fd3e5000
62495 mmap(0x7990fd46c000, 57344, PROT_READ|PROT_WRITE, MAP_PRIVATE|MAP_FIXED|MAP_DENYWRITE, 3, 0x26b000) = 0x7990fd46c000
62495 mmap(0x7990fd47a000, 12608, PROT_READ|PROT_WRITE, MAP_PRIVATE|MAP_FIXED|MAP_ANONYMOUS, -1, 0) = 0x7990fd47a000
62495 close(3)                          = 0
62495 openat(AT_FDCWD, "/lib/x86_64-linux-gnu/libgcc_s.so.1", O_RDONLY|O_CLOEXEC) = 3
62495 read(3, "\177ELF\2\1\1\0\0\0\0\0\0\0\0\0\3\0>\0\1\0\0\0\0\0\0\0\0\0\0\0"..., 832) = 832
62495 fstat(3, {st_mode=S_IFREG|0644, st_size=183024, ...}) = 0
62495 mmap(NULL, 185256, PROT_READ, MAP_PRIVATE|MAP_DENYWRITE, 3, 0) = 0x7990fd547000
62495 mmap(0x7990fd54b000, 147456, PROT_READ|PROT_EXEC, MAP_PRIVATE|MAP_FIXED|MAP_DENYWRITE, 3, 0x4000) = 0x7990fd54b000
62495 mmap(0x7990fd56f000, 16384, PROT_READ, MAP_PRIVATE|MAP_FIXED|MAP_DENYWRITE, 3, 0x28000) = 0x7990fd56f000
62495 mmap(0x7990fd573000, 8192, PROT_READ|PROT_WRITE, MAP_PRIVATE|MAP_FIXED|MAP_DENYWRITE, 3, 0x2b000) = 0x7990fd573000
62495 close(3)                          = 0
62495 openat(AT_FDCWD, "/lib/x86_64-linux-gnu/libc.so.6", O_RDONLY|O_CLOEXEC) = 3
62495 read(3, "\177ELF\2\1\1\3\0\0\0\0\0\0\0\0\3\0>\0\1\0\0\0\220\243\2\0\0\0\0\0"..., 832) = 832
62495 pread64(3, "\6\0\0\0\4\0\0\0@\0\0\0\0\0\0\0@\0\0\0\0\0\0\0@\0\0\0\0\0\0\0"..., 784, 64) = 784
62495 fstat(3, {st_mode=S_IFREG|0755, st_size=2125328, ...}) = 0
62495 pread64(3, "\6\0\0\0\4\0\0\0@\0\0\0\0\0\0\0@\0\0\0\0\0\0\0@\0\0\0\0\0\0\0"..., 784, 64) = 784
62495 mmap(NULL, 2170256, PROT_READ, MAP_PRIVATE|MAP_DENYWRITE, 3, 0) = 0x7990fce00000
62495 mmap(0x7990fce28000, 1605632, PROT_READ|PROT_EXEC, MAP_PRIVATE|MAP_FIXED|MAP_DENYWRITE, 3, 0x28000) = 0x7990fce28000
62495 mmap(0x7990fcfb0000, 323584, PROT_READ, MAP_PRIVATE|MAP_FIXED|MAP_DENYWRITE, 3, 0x1b0000) = 0x7990fcfb0000
62495 mmap(0x7990fcfff000, 24576, PROT_READ|PROT_WRITE, MAP_PRIVATE|MAP_FIXED|MAP_DENYWRITE, 3, 0x1fe000) = 0x7990fcfff000
62495 mmap(0x7990fd005000, 52624, PROT_READ|PROT_WRITE, MAP_PRIVATE|MAP_FIXED|MAP_ANONYMOUS, -1, 0) = 0x7990fd005000
62495 close(3)                          = 0
62495 openat(AT_FDCWD, "/lib/x86_64-linux-gnu/libm.so.6", O_RDONLY|O_CLOEXEC) = 3
62495 read(3, "\177ELF\2\1\1\3\0\0\0\0\0\0\0\0\3\0>\0\1\0\0\0\0\0\0\0\0\0\0\0"..., 832) = 832
62495 fstat(3, {st_mode=S_IFREG|0644, st_size=952616, ...}) = 0
62495 mmap(NULL, 950296, PROT_READ, MAP_PRIVATE|MAP_DENYWRITE, 3, 0) = 0x7990fd117000
62495 mmap(0x7990fd127000, 520192, PROT_READ|PROT_EXEC, MAP_PRIVATE|MAP_FIXED|MAP_DENYWRITE, 3, 0x10000) = 0x7990fd127000
62495 mmap(0x7990fd1a6000, 360448, PROT_READ, MAP_PRIVATE|MAP_FIXED|MAP_DENYWRITE, 3, 0x8f000) = 0x7990fd1a6000
62495 mmap(0x7990fd1fe000, 8192, PROT_READ|PROT_WRITE, MAP_PRIVATE|MAP_FIXED|MAP_DENYWRITE, 3, 0xe7000) = 0x7990fd1fe000
62495 close(3)                          = 0
62495 mmap(NULL, 8192, PROT_READ|PROT_WRITE, MAP_PRIVATE|MAP_ANONYMOUS, -1, 0) = 0x7990fd545000
62495 mmap(NULL, 12288, PROT_READ|PROT_WRITE, MAP_PRIVATE|MAP_ANONYMOUS, -1, 0) = 0x7990fd542000
62495 arch_prctl(ARCH_SET_FS, 0x7990fd542740) = 0
62495 set_tid_address(0x7990fd542a10)   = 62495
62495 set_robust_list(0x7990fd542a20, 24) = 0
62495 rseq(0x7990fd543060, 0x20, 0, 0x53053053) = 0
62495 mprotect(0x7990fcfff000, 16384, PROT_READ) = 0
62495 mprotect(0x7990fd1fe000, 4096, PROT_READ) = 0
62495 mprotect(0x7990fd573000, 4096, PROT_READ) = 0
62495 mprotect(0x7990fd46c000, 45056, PROT_READ) = 0
62495 mprotect(0x6081cb4db000, 8192, PROT_READ) = 0
62495 mprotect(0x7990fd5cf000, 8192, PROT_READ) = 0
62495 prlimit64(0, RLIMIT_STACK, NULL, {rlim_cur=8192*1024, rlim_max=RLIM64_INFINITY}) = 0
62495 munmap(0x7990fd575000, 110815)    = 0
62495 futex(0x7990fd47a7bc, FUTEX_WAKE_PRIVATE, 2147483647) = 0
62495 getrandom("\x90\x10\xcc\xac\xb9\x58\xdb\x60", 8, GRND_NONBLOCK) = 8
62495 brk(NULL)                         = 0x6081d125d000
62495 brk(0x6081d127e000)               = 0x6081d127e000
62495 eventfd2(0, EFD_CLOEXEC|EFD_NONBLOCK) = 3
62495 epoll_create1(EPOLL_CLOEXEC)      = 4
62495 timerfd_create(CLOCK_MONOTONIC, TFD_CLOEXEC) = 5
62495 epoll_ctl(4, EPOLL_CTL_ADD, 3, {events=EPOLLIN|EPOLLERR|EPOLLET, data={u32=3508991184, u64=106110676038864}}) = 0
62495 write(3, "\1\0\0\0\0\0\0\0", 8)   = 8
62495 epoll_ctl(4, EPOLL_CTL_ADD, 5, {events=EPOLLIN|EPOLLERR, data={u32=3508991196, u64=106110676038876}}) = 0
62495 socket(AF_INET, SOCK_STREAM, IPPROTO_TCP) = 6
62495 epoll_ctl(4, EPOLL_CTL_ADD, 6, {events=EPOLLIN|EPOLLPRI|EPOLLERR|EPOLLHUP|EPOLLET, data={u32=3508991296, u64=106110676038976}}) = 0
62495 setsockopt(6, SOL_SOCKET, SO_REUSEADDR, [1], 4) = 0
62495 bind(6, {sa_family=AF_INET, sin_port=htons(15001), sin_addr=inet_addr("0.0.0.0")}, 16) = 0
62495 listen(6, 4096)                   = 0
62495 fstat(1, {st_mode=S_IFCHR|0620, st_rdev=makedev(0x88, 0), ...}) = 0
62495 write(1, "\320\241\320\265\321\200\320\262\320\265\321\200 \320\267\320\260\320\277\321\203\321\211\320\265\320\275 \320\275\320\260"..., 50) = 50
62495 write(1, "-------------------------------\n", 32) = 32
62495 getpid()                          = 62495
62495 openat(AT_FDCWD, "/etc/localtime", O_RDONLY|O_CLOEXEC) = 7
62495 fstat(7, {st_mode=S_IFREG|0644, st_size=1535, ...}) = 0
62495 fstat(7, {st_mode=S_IFREG|0644, st_size=1535, ...}) = 0
62495 read(7, "TZif2\0\0\0\0\0\0\0\0\0\0\0\0\0\0\0\0\0\0\21\0\0\0\21\0\0\0\0"..., 4096) = 1535
62495 lseek(7, -927, SEEK_CUR)          = 608
62495 read(7, "TZif2\0\0\0\0\0\0\0\0\0\0\0\0\0\0\0\0\0\0\21\0\0\0\21\0\0\0\0"..., 4096) = 927
62495 close(7)                          = 0
62495 socket(AF_UNIX, SOCK_DGRAM|SOCK_CLOEXEC, 0) = 7
62495 connect(7, {sa_family=AF_UNIX, sun_path="/dev/log"}, 110) = 0
62495 sendto(7, "<14>Dec 19 20:11:14 ServerLogs[6"..., 68, MSG_NOSIGNAL, NULL, 0) = 68
62495 ioctl(6, FIONBIO, [1])            = 0
62495 accept(6, NULL, NULL)             = -1 EAGAIN (Ресурс временно недоступен)
62495 rt_sigaction(SIGRT_1, {sa_handler=0x7990fce99530, sa_mask=[], sa_flags=SA_RESTORER|SA_ONSTACK|SA_RESTART|SA_SIGINFO, sa_restorer=0x7990fce45330}, NULL, 8) = 0
62495 rt_sigprocmask(SIG_UNBLOCK, [RTMIN RT_1], NULL, 8) = 0
62495 mmap(NULL, 8392704, PROT_NONE, MAP_PRIVATE|MAP_ANONYMOUS|MAP_STACK, -1, 0) = 0x7990fc5ff000
62495 mprotect(0x7990fc600000, 8388608, PROT_READ|PROT_WRITE) = 0
62495 rt_sigprocmask(SIG_BLOCK, ~[], [], 8) = 0
62495 clone3({flags=CLONE_VM|CLONE_FS|CLONE_FILES|CLONE_SIGHAND|CLONE_THREAD|CLONE_SYSVSEM|CLONE_SETTLS|CLONE_PARENT_SETTID|CLONE_CHILD_CLEARTID, child_tid=0x7990fcdff990, parent_tid=0x7990fcdff990, exit_signal=0, stack=0x7990fc5ff000, stack_size=0x7fff80, tls=0x7990fcdff6c0} => {parent_tid=[62496]}, 88) = 62496
62495 rt_sigprocmask(SIG_SETMASK, [], NULL, 8) = 0
62496 rseq(0x7990fcdfffe0, 0x20, 0, 0x53053053 <unfinished ...>
62495 write(1, "\320\241\320\265\321\200\320\262\320\265\321\200 \321\200\320\260\320\261\320\276\321\202\320\260\320\265\321\202 \320\262"..., 114 <unfinished ...>
62496 <... rseq resumed>)               = 0
62495 <... write resumed>)              = 114
62496 set_robust_list(0x7990fcdff9a0, 24 <unfinished ...>
62495 fstat(0,  <unfinished ...>
62496 <... set_robust_list resumed>)    = 0
62495 <... fstat resumed>{st_mode=S_IFCHR|0620, st_rdev=makedev(0x88, 0), ...}) = 0
62496 rt_sigprocmask(SIG_SETMASK, [],  <unfinished ...>
62495 read(0,  <unfinished ...>
62496 <... rt_sigprocmask resumed>NULL, 8) = 0
62496 epoll_wait(4, [{events=EPOLLIN, data={u32=3508991184, u64=106110676038864}}], 128, -1) = 1
62496 epoll_wait(4, [{events=EPOLLIN, data={u32=3508991296, u64=106110676038976}}], 128, -1) = 1
62496 accept(6, NULL, NULL)             = 8
62496 mmap(NULL, 134217728, PROT_NONE, MAP_PRIVATE|MAP_ANONYMOUS, -1, 0) = 0x7990f4400000
62496 munmap(0x7990f4400000, 62914560)  = 0
62496 munmap(0x7990fc000000, 4194304)   = 0
62496 mprotect(0x7990f8000000, 135168, PROT_READ|PROT_WRITE) = 0
62496 epoll_ctl(4, EPOLL_CTL_ADD, 8, {events=EPOLLIN|EPOLLPRI|EPOLLERR|EPOLLHUP|EPOLLET, data={u32=4160752496, u64=133663543004016}}) = 0
62496 getpeername(8, {sa_family=AF_INET, sin_port=htons(56226), sin_addr=inet_addr("127.0.0.1")}, [28 => 16]) = 0
62496 futex(0x7990fd47a7c8, FUTEX_WAKE_PRIVATE, 2147483647) = 0
62496 write(1, "\320\235\320\276\320\262\320\276\320\265 \320\277\320\276\320\264\320\272\320\273\321\216\321\207\320\265\320\275\320\270\320"..., 50) = 50
62496 getpeername(8, {sa_family=AF_INET, sin_port=htons(56226), sin_addr=inet_addr("127.0.0.1")}, [28 => 16]) = 0
62496 getpid()                          = 62495
62496 sendto(7, "<14>Dec 19 20:12:02 ServerLogs[6"..., 63, MSG_NOSIGNAL, NULL, 0) = 63
62496 ioctl(8, FIONBIO, [1])            = 0
62496 sendto(8, "----------menu-----------\n1 - Di"..., 128, MSG_NOSIGNAL, NULL, 0) = 128
62496 recvfrom(8, 0x7990f8000d10, 1024, 0, NULL, NULL) = -1 EAGAIN (Ресурс временно недоступен)
62496 accept(6, NULL, NULL)             = -1 EAGAIN (Ресурс временно недоступен)
62496 epoll_wait(4, [], 128, 0)         = 0
62496 epoll_wait(4, [{events=EPOLLIN, data={u32=4160752496, u64=133663543004016}}], 128, -1) = 1
62496 recvfrom(8, "1\r\n", 1024, 0, NULL, NULL) = 3
62496 getpeername(8, {sa_family=AF_INET, sin_port=htons(56226), sin_addr=inet_addr("127.0.0.1")}, [28 => 16]) = 0
62496 write(1, "[127.0.0.1:56226] 1\n", 20) = 20
62496 openat(AT_FDCWD, "data.txt", O_RDONLY) = -1 ENOENT (Нет такого файла или каталога)
62496 sendto(8, "Error: Can't open file\n---------"..., 55, MSG_NOSIGNAL, NULL, 0) = 55
62496 epoll_wait(4, [], 128, 0)         = 0
62496 sendto(8, "----------menu-----------\n1 - Di"..., 128, MSG_NOSIGNAL, NULL, 0) = 128
62496 recvfrom(8, 0x7990f8000d10, 1024, 0, NULL, NULL) = -1 EAGAIN (Ресурс временно недоступен)
62496 epoll_wait(4, [], 128, 0)         = 0
62496 epoll_wait(4, [{events=EPOLLIN, data={u32=4160752496, u64=133663543004016}}], 128, -1) = 1
62496 recvfrom(8, "4\r\n", 1024, 0, NULL, NULL) = 3
62496 getpeername(8, {sa_family=AF_INET, sin_port=htons(56226), sin_addr=inet_addr("127.0.0.1")}, [28 => 16]) = 0
62496 write(1, "[127.0.0.1:56226] 4\n", 20) = 20
62496 sendto(8, "Goodbye!\n", 9, MSG_NOSIGNAL, NULL, 0) = 9
62496 epoll_wait(4, [], 128, 0)         = 0
62496 epoll_ctl(4, EPOLL_CTL_DEL, 8, 0x7990fcdfe740) = 0
62496 close(8)                          = 0
62496 epoll_wait(4, 